<?xml version="1.0" encoding="UTF-8"?>
<testng-results skipped="0" failed="0" total="1" passed="1">
  <reporter-output>
  </reporter-output>
  <suite name="Command line suite" duration-ms="625" started-at="2018-12-29T13:45:23Z" finished-at="2018-12-29T13:45:24Z">
    <groups>
    </groups>
    <test name="Command line test" duration-ms="625" started-at="2018-12-29T13:45:23Z" finished-at="2018-12-29T13:45:24Z">
      <class name="org.apache.struts2.TestNGStrutsTestCaseTest$RunTest">
        <test-method status="PASS" signature="setUp()[pri:0, instance:org.apache.struts2.TestNGStrutsTestCaseTest$RunTest@2ba5aa7a]" name="setUp" is-config="true" duration-ms="625" started-at="2018-12-29T17:15:23Z" finished-at="2018-12-29T17:15:24Z">
          <reporter-output>
          </reporter-output>
        </test-method> <!-- setUp -->
        <test-method status="PASS" signature="testRun()[pri:0, instance:org.apache.struts2.TestNGStrutsTestCaseTest$RunTest@2ba5aa7a]" name="testRun" duration-ms="0" started-at="2018-12-29T17:15:24Z" finished-at="2018-12-29T17:15:24Z">
          <reporter-output>
          </reporter-output>
        </test-method> <!-- testRun -->
        <test-method status="PASS" signature="tearDown()[pri:0, instance:org.apache.struts2.TestNGStrutsTestCaseTest$RunTest@2ba5aa7a]" name="tearDown" is-config="true" duration-ms="0" started-at="2018-12-29T17:15:24Z" finished-at="2018-12-29T17:15:24Z">
          <reporter-output>
          </reporter-output>
        </test-method> <!-- tearDown -->
      </class> <!-- org.apache.struts2.TestNGStrutsTestCaseTest$RunTest -->
    </test> <!-- Command line test -->
  </suite> <!-- Command line suite -->
</testng-results>
